# JRE version: Java(TM) SE Runtime Environment 18.9 (11.0.15+8) (build 11.0.15+8-LTS-149)
# Java VM: Java HotSpot(TM) 64-Bit Server VM 18.9 (11.0.15+8-LTS-149, mixed mode, tiered, compressed oops, g1 gc, windows-amd64)
Heap:
 garbage-first heap   total 260096K, used 25469K [0x0000000703600000, 0x0000000800000000)
  region size 1024K, 15 young (15360K), 5 survivors (5120K)
 Metaspace       used 29911K, capacity 30800K, committed 30976K, reserved 1077248K
  class space    used 3499K, capacity 3839K, committed 3840K, reserved 1048576K
GC Heap History (6 events):
Event: 0.649 GC heap before
{Heap before GC invocations=0 (full 0):
 garbage-first heap   total 260096K, used 24576K [0x0000000703600000, 0x0000000800000000)
  region size 1024K, 24 young (24576K), 0 survivors (0K)
 Metaspace       used 12430K, capacity 12645K, committed 12928K, reserved 1060864K
  class space    used 1222K, capacity 1305K, committed 1408K, reserved 1048576K
}
Event: 0.653 GC heap after
{Heap after GC invocations=1 (full 0):
 garbage-first heap   total 260096K, used 6130K [0x0000000703600000, 0x0000000800000000)
  region size 1024K, 3 young (3072K), 3 survivors (3072K)
 Metaspace       used 12430K, capacity 12645K, committed 12928K, reserved 1060864K
  class space    used 1222K, capacity 1305K, committed 1408K, reserved 1048576K
}
Event: 1.033 GC heap before
{Heap before GC invocations=1 (full 0):
 garbage-first heap   total 260096K, used 42994K [0x0000000703600000, 0x0000000800000000)
  region size 1024K, 40 young (40960K), 3 survivors (3072K)
 Metaspace       used 20671K, capacity 21111K, committed 21248K, reserved 1069056K
  class space    used 2241K, capacity 2442K, committed 2560K, reserved 1048576K
}
Event: 1.038 GC heap after
{Heap after GC invocations=2 (full 0):
 garbage-first heap   total 260096K, used 8830K [0x0000000703600000, 0x0000000800000000)
  region size 1024K, 6 young (6144K), 6 survivors (6144K)
 Metaspace       used 20671K, capacity 21111K, committed 21248K, reserved 1069056K
  class space    used 2241K, capacity 2442K, committed 2560K, reserved 1048576K
}
Event: 2.597 GC heap before
{Heap before GC invocations=3 (full 0):
 garbage-first heap   total 260096K, used 53886K [0x0000000703600000, 0x0000000800000000)
  region size 1024K, 45 young (46080K), 6 survivors (6144K)
 Metaspace       used 28598K, capacity 29424K, committed 29568K, reserved 1075200K
  class space    used 3347K, capacity 3680K, committed 3712K, reserved 1048576K
}
Event: 2.602 GC heap after
{Heap after GC invocations=4 (full 0):
 garbage-first heap   total 260096K, used 16253K [0x0000000703600000, 0x0000000800000000)
  region size 1024K, 5 young (5120K), 5 survivors (5120K)
 Metaspace       used 28598K, capacity 29424K, committed 29568K, reserved 1075200K
  class space    used 3347K, capacity 3680K, committed 3712K, reserved 1048576K
}

