# JRE version: Java(TM) SE Runtime Environment 18.9 (11.0.15+8) (build 11.0.15+8-LTS-149)
# Java VM: Java HotSpot(TM) 64-Bit Server VM 18.9 (11.0.15+8-LTS-149, mixed mode, tiered, compressed oops, g1 gc, windows-amd64)
Heap:
 garbage-first heap   total 260096K, used 14621K [0x0000000703600000, 0x0000000800000000)
  region size 1024K, 10 young (10240K), 5 survivors (5120K)
 Metaspace       used 25887K, capacity 26603K, committed 26880K, reserved 1085440K
  class space    used 2971K, capacity 3272K, committed 3328K, reserved 1048576K
GC Heap History (8 events):
Event: 0.524 GC heap before
{Heap before GC invocations=0 (full 0):
 garbage-first heap   total 260096K, used 24576K [0x0000000703600000, 0x0000000800000000)
  region size 1024K, 24 young (24576K), 0 survivors (0K)
 Metaspace       used 12686K, capacity 12917K, committed 13184K, reserved 1060864K
  class space    used 1250K, capacity 1312K, committed 1408K, reserved 1048576K
}
Event: 0.527 GC heap after
{Heap after GC invocations=1 (full 0):
 garbage-first heap   total 260096K, used 6448K [0x0000000703600000, 0x0000000800000000)
  region size 1024K, 3 young (3072K), 3 survivors (3072K)
 Metaspace       used 12686K, capacity 12917K, committed 13184K, reserved 1060864K
  class space    used 1250K, capacity 1312K, committed 1408K, reserved 1048576K
}
Event: 0.912 GC heap before
{Heap before GC invocations=1 (full 0):
 garbage-first heap   total 260096K, used 43312K [0x0000000703600000, 0x0000000800000000)
  region size 1024K, 40 young (40960K), 3 survivors (3072K)
 Metaspace       used 20670K, capacity 21110K, committed 21248K, reserved 1069056K
  class space    used 2241K, capacity 2442K, committed 2560K, reserved 1048576K
}
Event: 0.917 GC heap after
{Heap after GC invocations=2 (full 0):
 garbage-first heap   total 260096K, used 9058K [0x0000000703600000, 0x0000000800000000)
  region size 1024K, 6 young (6144K), 6 survivors (6144K)
 Metaspace       used 20670K, capacity 21110K, committed 21248K, reserved 1069056K
  class space    used 2241K, capacity 2442K, committed 2560K, reserved 1048576K
}
Event: 1.619 GC heap before
{Heap before GC invocations=3 (full 0):
 garbage-first heap   total 260096K, used 26466K [0x0000000703600000, 0x0000000800000000)
  region size 1024K, 24 young (24576K), 6 survivors (6144K)
 Metaspace       used 24344K, capacity 25010K, committed 25088K, reserved 1079296K
  class space    used 2765K, capacity 3036K, committed 3072K, reserved 1048576K
}
Event: 1.624 GC heap after
{Heap after GC invocations=4 (full 0):
 garbage-first heap   total 260096K, used 10246K [0x0000000703600000, 0x0000000800000000)
  region size 1024K, 4 young (4096K), 4 survivors (4096K)
 Metaspace       used 24344K, capacity 25010K, committed 25088K, reserved 1079296K
  class space    used 2765K, capacity 3036K, committed 3072K, reserved 1048576K
}
Event: 1.674 GC heap before
{Heap before GC invocations=5 (full 0):
 garbage-first heap   total 260096K, used 14342K [0x0000000703600000, 0x0000000800000000)
  region size 1024K, 9 young (9216K), 4 survivors (4096K)
 Metaspace       used 25250K, capacity 25970K, committed 25984K, reserved 1085440K
  class space    used 2887K, capacity 3188K, committed 3200K, reserved 1048576K
}
Event: 1.677 GC heap after
{Heap after GC invocations=6 (full 0):
 garbage-first heap   total 260096K, used 10525K [0x0000000703600000, 0x0000000800000000)
  region size 1024K, 5 young (5120K), 5 survivors (5120K)
 Metaspace       used 25250K, capacity 25970K, committed 25984K, reserved 1085440K
  class space    used 2887K, capacity 3188K, committed 3200K, reserved 1048576K
}

