# JRE version: Java(TM) SE Runtime Environment 18.9 (11.0.15+8) (build 11.0.15+8-LTS-149)
# Java VM: Java HotSpot(TM) 64-Bit Server VM 18.9 (11.0.15+8-LTS-149, mixed mode, tiered, compressed oops, g1 gc, windows-amd64)
Heap:
 garbage-first heap   total 260096K, used 51057K [0x0000000703600000, 0x0000000800000000)
  region size 1024K, 40 young (40960K), 5 survivors (5120K)
 Metaspace       used 33443K, capacity 34378K, committed 34560K, reserved 1079296K
  class space    used 3918K, capacity 4319K, committed 4352K, reserved 1048576K
GC Heap History (6 events):
Event: 0.517 GC heap before
{Heap before GC invocations=0 (full 0):
 garbage-first heap   total 260096K, used 24576K [0x0000000703600000, 0x0000000800000000)
  region size 1024K, 24 young (24576K), 0 survivors (0K)
 Metaspace       used 12416K, capacity 12645K, committed 12928K, reserved 1060864K
  class space    used 1222K, capacity 1305K, committed 1408K, reserved 1048576K
}
Event: 0.520 GC heap after
{Heap after GC invocations=1 (full 0):
 garbage-first heap   total 260096K, used 6247K [0x0000000703600000, 0x0000000800000000)
  region size 1024K, 3 young (3072K), 3 survivors (3072K)
 Metaspace       used 12416K, capacity 12645K, committed 12928K, reserved 1060864K
  class space    used 1222K, capacity 1305K, committed 1408K, reserved 1048576K
}
Event: 0.899 GC heap before
{Heap before GC invocations=1 (full 0):
 garbage-first heap   total 260096K, used 44135K [0x0000000703600000, 0x0000000800000000)
  region size 1024K, 41 young (41984K), 3 survivors (3072K)
 Metaspace       used 20715K, capacity 21110K, committed 21248K, reserved 1069056K
  class space    used 2249K, capacity 2442K, committed 2560K, reserved 1048576K
}
Event: 0.903 GC heap after
{Heap after GC invocations=2 (full 0):
 garbage-first heap   total 260096K, used 8604K [0x0000000703600000, 0x0000000800000000)
  region size 1024K, 6 young (6144K), 6 survivors (6144K)
 Metaspace       used 20715K, capacity 21110K, committed 21248K, reserved 1069056K
  class space    used 2249K, capacity 2442K, committed 2560K, reserved 1048576K
}
Event: 2.497 GC heap before
{Heap before GC invocations=3 (full 0):
 garbage-first heap   total 260096K, used 53660K [0x0000000703600000, 0x0000000800000000)
  region size 1024K, 45 young (46080K), 6 survivors (6144K)
 Metaspace       used 28551K, capacity 29339K, committed 29568K, reserved 1075200K
  class space    used 3343K, capacity 3674K, committed 3712K, reserved 1048576K
}
Event: 2.503 GC heap after
{Heap after GC invocations=4 (full 0):
 garbage-first heap   total 260096K, used 16241K [0x0000000703600000, 0x0000000800000000)
  region size 1024K, 5 young (5120K), 5 survivors (5120K)
 Metaspace       used 28551K, capacity 29339K, committed 29568K, reserved 1075200K
  class space    used 3343K, capacity 3674K, committed 3712K, reserved 1048576K
}

